Deploying deploy to 'device://tc/usb2tc/100/qcc3026'
Using FLASH_CONFIG C:\qtil\myProject\qcc3026TWS_6270\apps\applications\earbud\64Mbit_default_flash_config.py
Deploy all projects
Processing project C:\qtil\myProject\qcc3026TWS_6270\apps\applications\earbud\qcc512x_qcc302x\CF376_CF440\earbud.x2p
Loading elf symbols from C:\qtil\myProject\qcc3026TWS_6270\apps\applications\earbud\qcc512x_qcc302x\CF376_CF440\depend_debug_qcc512x_qcc302x\earbud.elf
  .text_reset block starting at 0x00000000, 100 bytes
  .slt block starting at 0x00000080, 8 bytes
  .text block starting at 0x00000088, 309720 bytes
  .const block starting at 0x0004ba60, 21064 bytes
  .initc block starting at 0x00050ca8, 1560 bytes
Done.
Created C:\qtil\myProject\qcc3026TWS_6270\apps\applications\earbud\qcc512x_qcc302x\CF376_CF440\depend_debug_qcc512x_qcc302x\earbud.xuv
Copied C:\qtil\myProject\qcc3026TWS_6270\apps\applications\earbud\qcc512x_qcc302x\CF376_CF440\depend_debug_qcc512x_qcc302x\earbud.xuv to c:\users\young\appdata\local\temp\tmpsfuhc2\earbud.xuv
Processing project C:\qtil\myProject\qcc3026TWS_6270\apps\applications\earbud\qcc512x_qcc302x\common\cur_cfg_filesystem.x2p
Copied C:\qtil\myProject\qcc3026TWS_6270\apps\applications\earbud\qcc512x_qcc302x\common\curator_config_filesystem.xuv to c:\users\young\appdata\local\temp\tmpsfuhc2\curator_config_filesystem.xuv
Processing project C:\qtil\myProject\qcc3026TWS_6270\apps\applications\earbud\qcc512x_qcc302x\CF376_CF440\fw_cfg_filesystem.x2p
Copied C:\qtil\myProject\qcc3026TWS_6270\apps\applications\earbud\qcc512x_qcc302x\CF376_CF440\firmware_config_filesystem_dfu.xuv to c:\users\young\appdata\local\temp\tmpsfuhc2\firmware_config_filesystem.xuv
Processing project C:\qtil\myProject\qcc3026TWS_6270\apps\applications\earbud\qcc512x_qcc302x\common\dev_cfg_filesystem.x2p
Copied C:\qtil\myProject\qcc3026TWS_6270\apps\applications\earbud\qcc512x_qcc302x\common\device_config_filesystem_dfu.xuv to c:\users\young\appdata\local\temp\tmpsfuhc2\device_config_filesystem.xuv
Processing project C:\qtil\myProject\qcc3026TWS_6270\apps\applications\earbud\qcc512x_qcc302x\common\user_ps_filesystem.x2p
Copied C:\qtil\myProject\qcc3026TWS_6270\apps\applications\earbud\qcc512x_qcc302x\common\user_ps_filesystem_dfu.xuv to c:\users\young\appdata\local\temp\tmpsfuhc2\user_ps_filesystem.xuv
Processing project C:\qtil\myProject\qcc3026TWS_6270\apps\applications\earbud\qcc512x_qcc302x\common\customer_ro_filesystem.x2p
Copied C:\qtil\myProject\qcc3026TWS_6270\apps\applications\earbud\qcc512x_qcc302x\common\customer_ro_filesystem_dfu.xuv to c:\users\young\appdata\local\temp\tmpsfuhc2\customer_ro_filesystem.xuv
Processing project C:\qtil\myProject\qcc3026TWS_6270\apps\fw\src\hydra_os_qcc512x_qcc302x.x2p
Processing project C:\qtil\myProject\qcc3026TWS_6270\images\apps0_firmware\common\apps0_firmware.x2p
Copied C:\qtil\myProject\qcc3026TWS_6270\images\apps0_firmware\common\1087\apps_p0_firmware.xuv to c:\users\young\appdata\local\temp\tmpsfuhc2\apps_p0_firmware.xuv
Processing project C:\qtil\myProject\qcc3026TWS_6270\audio\kalimba\kymera\build\kymera_audio.x2p
Already have a app/p1
Unable to find file path ending in xuv
Processing project C:\qtil\myProject\qcc3026TWS_6270\images\curator_firmware\common\curator_firmware.x2p
Processing project C:\qtil\myProject\qcc3026TWS_6270\apps\libs\libs_qcc512x_qcc302x.x2p
Processing project C:\qtil\myProject\qcc3026TWS_6270\images\btss_firmware\wlp\btss_firmware.x2p
Processing project C:\qtil\myProject\qcc3026TWS_6270\apps\applications\earbud\qcc512x_qcc302x\common\deploy.x2p
Already have a app/p1
flash0 { 'encrypt': False,
  'flash_device': { 'alt_image_offset': 4194304,
                    'block_size': 65536,
                    'boot_block_size': None},
  'flash_image': { 'bank': 'bank0',
                   'flash_image_xuv': 'c:\\users\\young\\appdata\\local\\temp\\tmpuy1oyi\\flash_image.xuv'},
  'layout': [ ( 'curator_fs',
                { 'authenticate': False,
                  'capacity': 1024,
                  'src_file': 'c:\\users\\young\\appdata\\local\\temp\\tmpsfuhc2\\curator_config_filesystem.xuv',
                  'src_file_signed': False}),
              ( 'apps_p0',
                { 'authenticate': True,
                  'capacity': 786432,
                  'src_file': 'c:\\users\\young\\appdata\\local\\temp\\tmpsfuhc2\\apps_p0_firmware.xuv',
                  'src_file_signed': True}),
              ( 'apps_p1',
                { 'authenticate': False,
                  'capacity': 524288,
                  'src_file': 'c:\\users\\young\\appdata\\local\\temp\\tmpsfuhc2\\earbud.xuv'}),
              ( 'device_ro_fs',
                { 'authenticate': False,
                  'capacity': 4096,
                  'inline_auth_hash': True,
                  'src_file': 'c:\\users\\young\\appdata\\local\\temp\\tmpsfuhc2\\device_config_filesystem.xuv'}),
              ( 'rw_config',
                { 'capacity': 131072,
                  'src_file': 'c:\\users\\young\\appdata\\local\\temp\\tmpsfuhc2\\user_ps_filesystem.xuv'}),
              ('rw_fs', { 'capacity': 262144}),
              ( 'ro_cfg_fs',
                { 'authenticate': False,
                  'capacity': 65536,
                  'src_file': 'c:\\users\\young\\appdata\\local\\temp\\tmpsfuhc2\\firmware_config_filesystem.xuv'}),
              ( 'ro_fs',
                { 'authenticate': False,
                  'capacity': 2097152,
                  'src_file': 'c:\\users\\young\\appdata\\local\\temp\\tmpsfuhc2\\customer_ro_filesystem.xuv'})]}
Padding c:\users\young\appdata\local\temp\tmpsfuhc2\earbud.xuv address 0x0 with [(100, 28)]
Padding c:\users\young\appdata\local\temp\tmpsfuhc2\user_ps_filesystem.xuv address 0x0 with [(10, 14), (30, 65506)]
Apps SQIF encryption Nonce 1e21d757f43c0b674d0562463393837a
Section apps_p0 len 561680 : hash e52e4a9efba5d5a210b7766ba138d489
Boot Image - offset 0x0, size 0x10000
Image output sections:
Flash offset 0x00010000 size 0x120
Flash offset 0x00020000 size 0x1e8c
Flash offset 0x00030000 size 0x89200
Flash offset 0x000f0000 size 0x512c0
Flash offset 0x00170000 size 0x78
Flash offset 0x00180000 size 0x1000a
Flash offset 0x001e0000 size 0xc280
Flash offset 0x001f0000 size 0x4df4
Image Header:
Offset 0x00010000 curator_fs          capacity 0x00010000  size 0x00001e8c  unused 0x0000e174
Offset 0x00020000 apps_p0             capacity 0x000c0000  size 0x00089200  unused 0x00036e00
Offset 0x000e0000 apps_p1             capacity 0x00080000  size 0x000512c0  unused 0x0002ed40
Offset 0x00160000 device_ro_fs        capacity 0x00010000  size 0x00000078  unused 0x0000ff88
Offset 0x00170000 rw_config           capacity 0x00020000  size 0x0001000a  unused 0x0000fff6
Offset 0x00190000 rw_fs               capacity 0x00040000  size 0x00040000  unused 0x00000000
Offset 0x001d0000 ro_cfg_fs           capacity 0x00010000  size 0x0000c280  unused 0x00003d80
Offset 0x001e0000 ro_fs               capacity 0x00200000  size 0x00004df4  unused 0x001fb20c
 apps_p0            Hash ptr    0x100 Hash size  0x89200

Writing 'c:\users\young\appdata\local\temp\tmpuy1oyi\flash_image.xuv'
Build completed

Keeping reference copy [C:\qtil\myProject\qcc3026TWS_6270\apps\applications\earbud\qcc512x_qcc302x\CF376_CF440\flash_image.xuv]
Program the apps SQIF...
nvscmd, version 3.1.2.595 Release
Copyright (c) 2010-2018 Qualcomm Technologies International, Ltd.
All Rights Reserved.
Qualcomm Technologies International, Ltd. Confidential and Proprietary.


Program the SQIF with a single XUV file...
..
Skipping verify NVS against a single file...
Success
Checking device: device://tc/usb2tc/100/qcc3026
2 windowed masters
Device attach succeeded.
Checking if device is readable...
